<?xml version="1.0" encoding="UTF-8"?>
<testsuite xmlns:xsi="http://www.w3.org/2001/XMLSchema-instance" xsi:noNamespaceSchemaLocation="https://maven.apache.org/surefire/maven-surefire-plugin/xsd/surefire-test-report-3.0.xsd" version="3.0" name="com.springboot.demo.UrlShortenerServicesApplicationTests" time="8.324" tests="1" errors="0" skipped="0" failures="0">
  <properties>
[...]
</properties>
  <testcase name="contextLoads" classname="com.springboot.demo.UrlShortenerServicesApplicationTests" time="0.974">
    <system-out><![CDATA[20:32:26.460 [main] INFO org.springframework.test.context.support.AnnotationConfigContextLoaderUtils -- Could not detect default configuration classes for test class [com.springboot.demo.UrlShortenerServicesApplicationTests]: UrlShortenerServicesApplicationTests does not declare any static, non-private, non-final, nested classes annotated with @Configuration.
20:32:26.654 [main] INFO org.springframework.boot.test.context.SpringBootTestContextBootstrapper -- Found @SpringBootConfiguration com.springboot.demo.UrlShortenerServicesApplication for test class com.springboot.demo.UrlShortenerServicesApplicationTests

  .   ____          _            __ _ _
 /\\ / ___'_ __ _ _(_)_ __  __ _ \ \ \ \
( ( )\___ | '_ | '_| | '_ \/ _` | \ \ \ \
 \\/  ___)| |_)| | | | | || (_| |  ) ) ) )
  '  |____| .__|_| |_|_| |_\__, | / / / /
 =========|_|==============|___/=/_/_/_/
 :: Spring Boot ::                (v3.2.0)

2023-12-10T20:32:27.432-08:00  INFO 20324 --- [           main] s.d.UrlShortenerServicesApplicationTests : Starting UrlShortenerServicesApplicationTests using Java 21.0.1 with PID 20324 (started by kanchigupta in /Users/kanchigupta/Desktop/TariqDev/DemoProject/URLShortenerService)
2023-12-10T20:32:27.435-08:00  INFO 20324 --- [           main] s.d.UrlShortenerServicesApplicationTests : No active profile set, falling back to 1 default profile: "default"
2023-12-10T20:32:28.603-08:00  INFO 20324 --- [           main] .s.d.r.c.RepositoryConfigurationDelegate : Bootstrapping Spring Data JPA repositories in DEFAULT mode.
2023-12-10T20:32:28.712-08:00  INFO 20324 --- [           main] .s.d.r.c.RepositoryConfigurationDelegate : Finished Spring Data repository scanning in 94 ms. Found 1 JPA repository interface.
2023-12-10T20:32:29.515-08:00  INFO 20324 --- [           main] com.zaxxer.hikari.HikariDataSource       : HikariPool-1 - Starting...
2023-12-10T20:32:30.057-08:00  INFO 20324 --- [           main] com.zaxxer.hikari.pool.HikariPool        : HikariPool-1 - Added connection conn0: url=jdbc:h2:mem:testh2db user=APPLE
2023-12-10T20:32:30.060-08:00  INFO 20324 --- [           main] com.zaxxer.hikari.HikariDataSource       : HikariPool-1 - Start completed.
2023-12-10T20:32:30.148-08:00  INFO 20324 --- [           main] o.hibernate.jpa.internal.util.LogHelper  : HHH000204: Processing PersistenceUnitInfo [name: default]
2023-12-10T20:32:30.230-08:00  INFO 20324 --- [           main] org.hibernate.Version                    : HHH000412: Hibernate ORM core version 6.3.1.Final
2023-12-10T20:32:30.293-08:00  INFO 20324 --- [           main] o.h.c.internal.RegionFactoryInitiator    : HHH000026: Second-level cache disabled
2023-12-10T20:32:30.892-08:00  INFO 20324 --- [           main] o.s.o.j.p.SpringPersistenceUnitInfo      : No LoadTimeWeaver setup: ignoring JPA class transformer
2023-12-10T20:32:32.146-08:00  INFO 20324 --- [           main] o.h.e.t.j.p.i.JtaPlatformInitiator       : HHH000489: No JTA platform available (set 'hibernate.transaction.jta.platform' to enable JTA platform integration)
2023-12-10T20:32:32.192-08:00  INFO 20324 --- [           main] j.LocalContainerEntityManagerFactoryBean : Initialized JPA EntityManagerFactory for persistence unit 'default'
2023-12-10T20:32:32.825-08:00  WARN 20324 --- [           main] JpaBaseConfiguration$JpaWebConfiguration : spring.jpa.open-in-view is enabled by default. Therefore, database queries may be performed during view rendering. Explicitly configure spring.jpa.open-in-view to disable this warning
2023-12-10T20:32:32.860-08:00  INFO 20324 --- [           main] o.s.b.a.w.s.WelcomePageHandlerMapping    : Adding welcome page: class path resource [static/index.html]
2023-12-10T20:32:33.358-08:00  INFO 20324 --- [           main] o.s.b.a.h2.H2ConsoleAutoConfiguration    : H2 console available at '/h2-console'. Database available at 'jdbc:h2:mem:testh2db'
2023-12-10T20:32:33.458-08:00  INFO 20324 --- [           main] s.d.UrlShortenerServicesApplicationTests : Started UrlShortenerServicesApplicationTests in 6.485 seconds (process running for 8.645)
]]></system-out>
    <system-err><![CDATA[WARNING: A Java agent has been loaded dynamically (/Users/kanchigupta/.m2/repository/net/bytebuddy/byte-buddy-agent/1.14.10/byte-buddy-agent-1.14.10.jar)
WARNING: If a serviceability tool is in use, please run with -XX:+EnableDynamicAgentLoading to hide this warning
WARNING: If a serviceability tool is not in use, please run with -Djdk.instrument.traceUsage for more information
WARNING: Dynamic loading of agents will be disallowed by default in a future release
]]></system-err>
  </testcase>
</testsuite>